<?xml version="1.0" encoding="UTF-8"?>
<!-- Generated by org.testng.reporters.JUnitReportReporter -->
<testsuite hostname="Yasassris-MacBook-Pro.local" name="org.wso2.carbon.tests.TeatCase1" tests="1" failures="0" timestamp="20 Dec 2018 13:42:48 GMT" time="0.006" errors="0">
  <testcase name="testMethod6" time="0.006" classname="org.wso2.carbon.tests.TeatCase1"/>
</testsuite> <!-- org.wso2.carbon.tests.TeatCase1 -->
